<?xml version="1.0" encoding="UTF-8"?>
<!-- Generated by org.testng.reporters.JUnitReportReporter -->
<testsuite hostname="Muraris-MacBook-Pro.local" failures="0" tests="6" name="testcases.TestCaseDemo2" time="13.936" errors="0" timestamp="2022-12-21T18:54:23 EST" skipped="0">
  <testcase classname="testcases.TestCaseDemo2" name="GetTitle" time="1.885"/>
  <system-out/>
  <testcase classname="testcases.TestCaseDemo2" name="Login" time="2.458"/>
  <system-out/>
  <testcase classname="testcases.TestCaseDemo2" name="Login" time="3.005"/>
  <system-out/>
  <testcase classname="testcases.TestCaseDemo2" name="Login" time="2.370"/>
  <system-out/>
  <testcase classname="testcases.TestCaseDemo2" name="CountItems" time="1.929"/>
  <system-out/>
  <testcase classname="testcases.TestCaseDemo2" name="Login" time="2.289"/>
  <system-out/>
</testsuite> <!-- testcases.TestCaseDemo2 -->
