<?xml version="1.0" encoding="UTF-8"?>
<!-- Generated by org.testng.reporters.JUnitReportReporter -->
<testsuite hostname="Muraris-MacBook-Pro.local" failures="0" tests="3" name="testcases.TestCaseDemo" time="6.680" errors="0" timestamp="2022-12-19T20:22:24 EST" skipped="0">
  <testcase classname="testcases.TestCaseDemo" name="CountItems" time="2.825"/>
  <system-out/>
  <testcase classname="testcases.TestCaseDemo" name="GetTitle" time="1.974"/>
  <system-out/>
  <testcase classname="testcases.TestCaseDemo" name="login" time="1.881"/>
  <system-out/>
</testsuite> <!-- testcases.TestCaseDemo -->
