<?xml version="1.0" encoding="UTF-8"?>
<!-- Generated by org.testng.reporters.JUnitReportReporter -->
<testsuite hostname="Muraris-MacBook-Pro.local" failures="0" tests="3" name="testcases.TestCaseDemo" time="6.326" errors="0" timestamp="2022-12-21T18:53:32 EST" skipped="0">
  <testcase classname="testcases.TestCaseDemo" name="CountItems" time="1.826"/>
  <system-out/>
  <testcase classname="testcases.TestCaseDemo" name="login" time="2.536"/>
  <system-out/>
  <testcase classname="testcases.TestCaseDemo" name="GetTitle" time="1.964"/>
  <system-out/>
</testsuite> <!-- testcases.TestCaseDemo -->
